<?xml version="1.0" encoding="UTF-8"?>
<testng-results skipped="0" failed="0" ignored="0" total="2" passed="2">
  <reporter-output>
  </reporter-output>
  <suite name="Book Air Ticket Suite" duration-ms="66028" started-at="2020-08-02T16:32:22 IST" finished-at="2020-08-02T16:33:28 IST">
    <groups>
      <group name="cucumber">
        <method signature="AbstractTestNGCucumberTests.runScenario(io.cucumber.testng.PickleWrapper, io.cucumber.testng.FeatureWrapper)[pri:0, instance:Runners.SafariRunner@6e1567f1]" name="runScenario" class="io.cucumber.testng.AbstractTestNGCucumberTests"/>
        <method signature="AbstractTestNGCucumberTests.runScenario(io.cucumber.testng.PickleWrapper, io.cucumber.testng.FeatureWrapper)[pri:0, instance:Runners.ChromeRunner@71318ec4]" name="runScenario" class="io.cucumber.testng.AbstractTestNGCucumberTests"/>
      </group> <!-- cucumber -->
    </groups>
    <test name="Safari" duration-ms="65401" started-at="2020-08-02T16:32:22 IST" finished-at="2020-08-02T16:33:28 IST">
      <class name="Runners.SafariRunner">
        <test-method status="PASS" signature="setUpClass()[pri:0, instance:Runners.SafariRunner@6e1567f1]" name="setUpClass" is-config="true" duration-ms="220" started-at="2020-08-02T16:32:22 IST" finished-at="2020-08-02T16:32:23 IST">
          <reporter-output>
          </reporter-output>
        </test-method> <!-- setUpClass -->
        <test-method status="PASS" signature="runScenario(io.cucumber.testng.PickleWrapper, io.cucumber.testng.FeatureWrapper)[pri:0, instance:Runners.SafariRunner@6e1567f1]" name="runScenario" duration-ms="65151" started-at="2020-08-02T16:32:23 IST" description="Runs Cucumber Scenarios" data-provider="scenarios" finished-at="2020-08-02T16:33:28 IST">
          <params>
            <param index="0">
              <value>
                <![CDATA["Book a fastest and cheapest flight travel"]]>
              </value>
            </param>
            <param index="1">
              <value>
                <![CDATA["Book a flight"]]>
              </value>
            </param>
          </params>
          <reporter-output>
          </reporter-output>
        </test-method> <!-- runScenario -->
        <test-method status="PASS" signature="tearDownClass()[pri:0, instance:Runners.SafariRunner@6e1567f1]" name="tearDownClass" is-config="true" duration-ms="1" started-at="2020-08-02T16:33:28 IST" finished-at="2020-08-02T16:33:28 IST">
          <reporter-output>
          </reporter-output>
        </test-method> <!-- tearDownClass -->
      </class> <!-- Runners.SafariRunner -->
    </test> <!-- Safari -->
    <test name="Chrome" duration-ms="66028" started-at="2020-08-02T16:32:22 IST" finished-at="2020-08-02T16:33:28 IST">
      <class name="Runners.ChromeRunner">
        <test-method status="PASS" signature="setUpClass()[pri:0, instance:Runners.ChromeRunner@71318ec4]" name="setUpClass" is-config="true" duration-ms="220" started-at="2020-08-02T16:32:22 IST" finished-at="2020-08-02T16:32:23 IST">
          <reporter-output>
          </reporter-output>
        </test-method> <!-- setUpClass -->
        <test-method status="PASS" signature="runScenario(io.cucumber.testng.PickleWrapper, io.cucumber.testng.FeatureWrapper)[pri:0, instance:Runners.ChromeRunner@71318ec4]" name="runScenario" duration-ms="65781" started-at="2020-08-02T16:32:23 IST" description="Runs Cucumber Scenarios" data-provider="scenarios" finished-at="2020-08-02T16:33:28 IST">
          <params>
            <param index="0">
              <value>
                <![CDATA["Book a fastest and cheapest flight travel"]]>
              </value>
            </param>
            <param index="1">
              <value>
                <![CDATA["Book a flight"]]>
              </value>
            </param>
          </params>
          <reporter-output>
          </reporter-output>
        </test-method> <!-- runScenario -->
        <test-method status="PASS" signature="tearDownClass()[pri:0, instance:Runners.ChromeRunner@71318ec4]" name="tearDownClass" is-config="true" duration-ms="1" started-at="2020-08-02T16:33:28 IST" finished-at="2020-08-02T16:33:28 IST">
          <reporter-output>
          </reporter-output>
        </test-method> <!-- tearDownClass -->
      </class> <!-- Runners.ChromeRunner -->
    </test> <!-- Chrome -->
  </suite> <!-- Book Air Ticket Suite -->
</testng-results>
